<?xml version="1.0" encoding="UTF-8"?>
<testng-results ignored="0" total="1" passed="1" failed="0" skipped="0">
  <reporter-output>
  </reporter-output>
  <suite started-at="2023-07-23T22:24:32 IST" name="Default suite" finished-at="2023-07-23T22:24:35 IST" duration-ms="2677">
    <groups>
    </groups>
    <test started-at="2023-07-23T22:24:32 IST" name="Default test" finished-at="2023-07-23T22:24:35 IST" duration-ms="2677">
      <class name="httpReq.getReq">
        <test-method signature="getRequest1()[pri:0, instance:httpReq.getReq@4dbb42b7]" started-at="2023-07-23T22:24:32 IST" name="getRequest1" finished-at="2023-07-23T22:24:35 IST" duration-ms="2634" status="PASS">
          <reporter-output>
          </reporter-output>
        </test-method> <!-- getRequest1 -->
      </class> <!-- httpReq.getReq -->
    </test> <!-- Default test -->
  </suite> <!-- Default suite -->
</testng-results>
